<?xml version="1.0" encoding="UTF-8"?>
<!-- Generated by org.testng.reporters.JUnitReportReporter -->
<testsuite skipped="0" hostname="shree-PC" name="cucumberOptions.TestRunner" tests="1" failures="0" timestamp="24 Mar 2022 19:30:54 GMT" time="89.558" errors="0">
  <testcase name="feature" time="89.558" classname="cucumberOptions.TestRunner"/>
</testsuite> <!-- cucumberOptions.TestRunner -->
